{"/Users/jeffreyju/Documents/Coding_Project/revature/foundation_project/backend/index.js": {"path":"/Users/jeffreyju/Documents/Coding_Project/revature/foundation_project/backend/index.js","statementMap":{"0":{"start":{"line":1,"column":16},"end":{"line":1,"column":34}},"1":{"start":{"line":2,"column":12},"end":{"line":2,"column":21}},"2":{"start":{"line":3,"column":12},"end":{"line":3,"column":30}},"3":{"start":{"line":4,"column":17},"end":{"line":4,"column":50}},"4":{"start":{"line":5,"column":19},"end":{"line":5,"column":41}},"5":{"start":{"line":6,"column":27},"end":{"line":6,"column":69}},"6":{"start":{"line":7,"column":24},"end":{"line":7,"column":63}},"7":{"start":{"line":8,"column":25},"end":{"line":8,"column":65}},"8":{"start":{"line":9,"column":25},"end":{"line":9,"column":65}},"9":{"start":{"line":10,"column":23},"end":{"line":10,"column":61}},"10":{"start":{"line":11,"column":28},"end":{"line":11,"column":49}},"11":{"start":{"line":12,"column":13},"end":{"line":12,"column":28}},"12":{"start":{"line":14,"column":13},"end":{"line":14,"column":17}},"13":{"start":{"line":17,"column":0},"end":{"line":17,"column":24}},"14":{"start":{"line":18,"column":0},"end":{"line":18,"column":16}},"15":{"start":{"line":21,"column":0},"end":{"line":21,"column":41}},"16":{"start":{"line":23,"column":0},"end":{"line":23,"column":35}},"17":{"start":{"line":25,"column":0},"end":{"line":25,"column":38}},"18":{"start":{"line":27,"column":0},"end":{"line":27,"column":37}},"19":{"start":{"line":29,"column":0},"end":{"line":29,"column":34}},"20":{"start":{"line":36,"column":0},"end":{"line":38,"column":2}},"21":{"start":{"line":37,"column":4},"end":{"line":37,"column":62}},"22":{"start":{"line":40,"column":0},"end":{"line":40,"column":21}}},"fnMap":{"0":{"name":"(anonymous_0)","decl":{"start":{"line":36,"column":17},"end":{"line":36,"column":18}},"loc":{"start":{"line":36,"column":23},"end":{"line":38,"column":1}},"line":36}},"branchMap":{},"s":{"0":1,"1":1,"2":1,"3":1,"4":1,"5":1,"6":1,"7":1,"8":1,"9":1,"10":1,"11":1,"12":1,"13":1,"14":1,"15":1,"16":1,"17":1,"18":1,"19":1,"20":1,"21":1,"22":1},"f":{"0":1},"b":{},"_coverageSchema":"1a1c01bbd47fc00a2c39e90264f33305004495a9","hash":"f348d8160ddade693d45e30c5072db1e7057d237"}
,"/Users/jeffreyju/Documents/Coding_Project/revature/foundation_project/backend/controller/loginController.js": {"path":"/Users/jeffreyju/Documents/Coding_Project/revature/foundation_project/backend/controller/loginController.js","statementMap":{"0":{"start":{"line":1,"column":16},"end":{"line":1,"column":34}},"1":{"start":{"line":2,"column":15},"end":{"line":2,"column":31}},"2":{"start":{"line":3,"column":32},"end":{"line":3,"column":72}},"3":{"start":{"line":4,"column":12},"end":{"line":4,"column":35}},"4":{"start":{"line":5,"column":24},"end":{"line":5,"column":61}},"5":{"start":{"line":7,"column":18},"end":{"line":7,"column":33}},"6":{"start":{"line":9,"column":0},"end":{"line":26,"column":3}},"7":{"start":{"line":10,"column":33},"end":{"line":10,"column":41}},"8":{"start":{"line":12,"column":17},"end":{"line":12,"column":56}},"9":{"start":{"line":14,"column":4},"end":{"line":14,"column":32}},"10":{"start":{"line":16,"column":18},"end":{"line":24,"column":6}},"11":{"start":{"line":25,"column":4},"end":{"line":25,"column":99}},"12":{"start":{"line":28,"column":0},"end":{"line":28,"column":23}}},"fnMap":{"0":{"name":"(anonymous_0)","decl":{"start":{"line":9,"column":42},"end":{"line":9,"column":43}},"loc":{"start":{"line":9,"column":61},"end":{"line":26,"column":1}},"line":9}},"branchMap":{},"s":{"0":1,"1":1,"2":1,"3":1,"4":1,"5":1,"6":1,"7":37,"8":37,"9":37,"10":37,"11":37,"12":1},"f":{"0":37},"b":{},"_coverageSchema":"1a1c01bbd47fc00a2c39e90264f33305004495a9","hash":"6c95226a99e25488d1291ccaa2215af8c6d1745c"}
,"/Users/jeffreyju/Documents/Coding_Project/revature/foundation_project/backend/controller/logoutController.js": {"path":"/Users/jeffreyju/Documents/Coding_Project/revature/foundation_project/backend/controller/logoutController.js","statementMap":{"0":{"start":{"line":1,"column":16},"end":{"line":1,"column":34}},"1":{"start":{"line":2,"column":15},"end":{"line":2,"column":31}},"2":{"start":{"line":3,"column":26},"end":{"line":3,"column":48}},"3":{"start":{"line":6,"column":0},"end":{"line":15,"column":3}},"4":{"start":{"line":7,"column":4},"end":{"line":7,"column":31}},"5":{"start":{"line":14,"column":4},"end":{"line":14,"column":61}},"6":{"start":{"line":17,"column":0},"end":{"line":17,"column":24}}},"fnMap":{"0":{"name":"(anonymous_0)","decl":{"start":{"line":6,"column":36},"end":{"line":6,"column":37}},"loc":{"start":{"line":6,"column":50},"end":{"line":15,"column":1}},"line":6}},"branchMap":{},"s":{"0":1,"1":1,"2":1,"3":1,"4":36,"5":36,"6":1},"f":{"0":36},"b":{},"_coverageSchema":"1a1c01bbd47fc00a2c39e90264f33305004495a9","hash":"e33f4704e908f154ed4018b3821048bb705878dc"}
,"/Users/jeffreyju/Documents/Coding_Project/revature/foundation_project/backend/controller/registerController.js": {"path":"/Users/jeffreyju/Documents/Coding_Project/revature/foundation_project/backend/controller/registerController.js","statementMap":{"0":{"start":{"line":1,"column":16},"end":{"line":1,"column":34}},"1":{"start":{"line":2,"column":15},"end":{"line":2,"column":31}},"2":{"start":{"line":3,"column":23},"end":{"line":3,"column":38}},"3":{"start":{"line":4,"column":24},"end":{"line":4,"column":61}},"4":{"start":{"line":5,"column":35},"end":{"line":5,"column":78}},"5":{"start":{"line":8,"column":0},"end":{"line":22,"column":3}},"6":{"start":{"line":10,"column":42},"end":{"line":10,"column":50}},"7":{"start":{"line":12,"column":24},"end":{"line":12,"column":77}},"8":{"start":{"line":14,"column":17},"end":{"line":14,"column":68}},"9":{"start":{"line":16,"column":4},"end":{"line":16,"column":32}},"10":{"start":{"line":17,"column":4},"end":{"line":19,"column":5}},"11":{"start":{"line":18,"column":8},"end":{"line":18,"column":76}},"12":{"start":{"line":21,"column":4},"end":{"line":21,"column":81}},"13":{"start":{"line":25,"column":0},"end":{"line":25,"column":24}}},"fnMap":{"0":{"name":"(anonymous_0)","decl":{"start":{"line":8,"column":45},"end":{"line":8,"column":46}},"loc":{"start":{"line":8,"column":65},"end":{"line":22,"column":1}},"line":8}},"branchMap":{"0":{"loc":{"start":{"line":17,"column":4},"end":{"line":19,"column":5}},"type":"if","locations":[{"start":{"line":17,"column":4},"end":{"line":19,"column":5}},{"start":{},"end":{}}],"line":17}},"s":{"0":1,"1":1,"2":1,"3":1,"4":1,"5":1,"6":1,"7":1,"8":1,"9":1,"10":1,"11":1,"12":0,"13":1},"f":{"0":1},"b":{"0":[1,0]},"_coverageSchema":"1a1c01bbd47fc00a2c39e90264f33305004495a9","hash":"4297bbbacdd398507ad771caf838543d15c1336f"}
,"/Users/jeffreyju/Documents/Coding_Project/revature/foundation_project/backend/controller/ticketController.js": {"path":"/Users/jeffreyju/Documents/Coding_Project/revature/foundation_project/backend/controller/ticketController.js","statementMap":{"0":{"start":{"line":1,"column":0},"end":{"line":1,"column":27}},"1":{"start":{"line":2,"column":12},"end":{"line":2,"column":30}},"2":{"start":{"line":3,"column":16},"end":{"line":3,"column":34}},"3":{"start":{"line":4,"column":15},"end":{"line":4,"column":31}},"4":{"start":{"line":5,"column":23},"end":{"line":5,"column":38}},"5":{"start":{"line":6,"column":22},"end":{"line":6,"column":57}},"6":{"start":{"line":7,"column":33},"end":{"line":7,"column":74}},"7":{"start":{"line":8,"column":26},"end":{"line":8,"column":48}},"8":{"start":{"line":12,"column":0},"end":{"line":24,"column":3}},"9":{"start":{"line":14,"column":51},"end":{"line":14,"column":59}},"10":{"start":{"line":19,"column":22},"end":{"line":19,"column":100}},"11":{"start":{"line":21,"column":17},"end":{"line":21,"column":60}},"12":{"start":{"line":23,"column":4},"end":{"line":23,"column":72}},"13":{"start":{"line":27,"column":0},"end":{"line":54,"column":2}},"14":{"start":{"line":28,"column":23},"end":{"line":28,"column":32}},"15":{"start":{"line":29,"column":21},"end":{"line":29,"column":30}},"16":{"start":{"line":31,"column":4},"end":{"line":53,"column":5}},"17":{"start":{"line":33,"column":25},"end":{"line":33,"column":69}},"18":{"start":{"line":35,"column":8},"end":{"line":37,"column":9}},"19":{"start":{"line":36,"column":12},"end":{"line":36,"column":86}},"20":{"start":{"line":39,"column":21},"end":{"line":39,"column":60}},"21":{"start":{"line":41,"column":8},"end":{"line":41,"column":42}},"22":{"start":{"line":44,"column":9},"end":{"line":53,"column":5}},"23":{"start":{"line":45,"column":21},"end":{"line":45,"column":76}},"24":{"start":{"line":47,"column":8},"end":{"line":47,"column":74}},"25":{"start":{"line":51,"column":21},"end":{"line":51,"column":72}},"26":{"start":{"line":52,"column":8},"end":{"line":52,"column":59}},"27":{"start":{"line":56,"column":0},"end":{"line":77,"column":2}},"28":{"start":{"line":57,"column":19},"end":{"line":57,"column":29}},"29":{"start":{"line":58,"column":23},"end":{"line":58,"column":31}},"30":{"start":{"line":62,"column":21},"end":{"line":62,"column":65}},"31":{"start":{"line":64,"column":4},"end":{"line":66,"column":5}},"32":{"start":{"line":65,"column":8},"end":{"line":65,"column":74}},"33":{"start":{"line":68,"column":19},"end":{"line":68,"column":82}},"34":{"start":{"line":72,"column":4},"end":{"line":74,"column":5}},"35":{"start":{"line":73,"column":8},"end":{"line":73,"column":82}},"36":{"start":{"line":76,"column":4},"end":{"line":76,"column":69}},"37":{"start":{"line":80,"column":0},"end":{"line":80,"column":24}}},"fnMap":{"0":{"name":"(anonymous_0)","decl":{"start":{"line":12,"column":62},"end":{"line":12,"column":63}},"loc":{"start":{"line":12,"column":82},"end":{"line":24,"column":1}},"line":12},"1":{"name":"(anonymous_1)","decl":{"start":{"line":27,"column":35},"end":{"line":27,"column":36}},"loc":{"start":{"line":27,"column":53},"end":{"line":54,"column":1}},"line":27},"2":{"name":"(anonymous_2)","decl":{"start":{"line":56,"column":38},"end":{"line":56,"column":39}},"loc":{"start":{"line":56,"column":56},"end":{"line":77,"column":1}},"line":56}},"branchMap":{"0":{"loc":{"start":{"line":31,"column":4},"end":{"line":53,"column":5}},"type":"if","locations":[{"start":{"line":31,"column":4},"end":{"line":53,"column":5}},{"start":{"line":44,"column":9},"end":{"line":53,"column":5}}],"line":31},"1":{"loc":{"start":{"line":35,"column":8},"end":{"line":37,"column":9}},"type":"if","locations":[{"start":{"line":35,"column":8},"end":{"line":37,"column":9}},{"start":{},"end":{}}],"line":35},"2":{"loc":{"start":{"line":44,"column":9},"end":{"line":53,"column":5}},"type":"if","locations":[{"start":{"line":44,"column":9},"end":{"line":53,"column":5}},{"start":{"line":50,"column":8},"end":{"line":53,"column":5}}],"line":44},"3":{"loc":{"start":{"line":64,"column":4},"end":{"line":66,"column":5}},"type":"if","locations":[{"start":{"line":64,"column":4},"end":{"line":66,"column":5}},{"start":{},"end":{}}],"line":64},"4":{"loc":{"start":{"line":72,"column":4},"end":{"line":74,"column":5}},"type":"if","locations":[{"start":{"line":72,"column":4},"end":{"line":74,"column":5}},{"start":{},"end":{}}],"line":72}},"s":{"0":1,"1":1,"2":1,"3":1,"4":1,"5":1,"6":1,"7":1,"8":1,"9":1,"10":1,"11":1,"12":1,"13":1,"14":1,"15":1,"16":1,"17":1,"18":1,"19":0,"20":1,"21":1,"22":0,"23":0,"24":0,"25":0,"26":0,"27":1,"28":3,"29":3,"30":3,"31":3,"32":0,"33":3,"34":3,"35":3,"36":0,"37":1},"f":{"0":1,"1":1,"2":3},"b":{"0":[1,0],"1":[0,1],"2":[0,0],"3":[0,3],"4":[3,0]},"_coverageSchema":"1a1c01bbd47fc00a2c39e90264f33305004495a9","hash":"77dcae7e790fe65472493f1d0bf073e2431582f5"}
,"/Users/jeffreyju/Documents/Coding_Project/revature/foundation_project/backend/controller/userController.js": {"path":"/Users/jeffreyju/Documents/Coding_Project/revature/foundation_project/backend/controller/userController.js","statementMap":{"0":{"start":{"line":1,"column":0},"end":{"line":1,"column":27}},"1":{"start":{"line":2,"column":16},"end":{"line":2,"column":34}},"2":{"start":{"line":3,"column":15},"end":{"line":3,"column":31}},"3":{"start":{"line":4,"column":22},"end":{"line":4,"column":57}},"4":{"start":{"line":5,"column":24},"end":{"line":5,"column":61}},"5":{"start":{"line":6,"column":31},"end":{"line":6,"column":70}},"6":{"start":{"line":7,"column":26},"end":{"line":7,"column":48}},"7":{"start":{"line":11,"column":0},"end":{"line":24,"column":3}},"8":{"start":{"line":12,"column":25},"end":{"line":12,"column":33}},"9":{"start":{"line":14,"column":21},"end":{"line":14,"column":60}},"10":{"start":{"line":16,"column":4},"end":{"line":18,"column":5}},"11":{"start":{"line":17,"column":8},"end":{"line":17,"column":103}},"12":{"start":{"line":21,"column":17},"end":{"line":21,"column":67}},"13":{"start":{"line":23,"column":4},"end":{"line":23,"column":78}},"14":{"start":{"line":27,"column":0},"end":{"line":31,"column":2}},"15":{"start":{"line":28,"column":17},"end":{"line":28,"column":55}},"16":{"start":{"line":30,"column":4},"end":{"line":30,"column":31}},"17":{"start":{"line":34,"column":0},"end":{"line":39,"column":2}},"18":{"start":{"line":35,"column":25},"end":{"line":35,"column":35}},"19":{"start":{"line":36,"column":17},"end":{"line":36,"column":56}},"20":{"start":{"line":38,"column":4},"end":{"line":38,"column":31}},"21":{"start":{"line":42,"column":0},"end":{"line":70,"column":2}},"22":{"start":{"line":43,"column":25},"end":{"line":43,"column":35}},"23":{"start":{"line":44,"column":51},"end":{"line":44,"column":59}},"24":{"start":{"line":45,"column":17},"end":{"line":45,"column":56}},"25":{"start":{"line":47,"column":21},"end":{"line":47,"column":25}},"26":{"start":{"line":48,"column":4},"end":{"line":51,"column":5}},"27":{"start":{"line":49,"column":8},"end":{"line":49,"column":27}},"28":{"start":{"line":50,"column":8},"end":{"line":50,"column":31}},"29":{"start":{"line":53,"column":21},"end":{"line":53,"column":25}},"30":{"start":{"line":54,"column":4},"end":{"line":57,"column":5}},"31":{"start":{"line":55,"column":8},"end":{"line":55,"column":27}},"32":{"start":{"line":56,"column":8},"end":{"line":56,"column":36}},"33":{"start":{"line":59,"column":4},"end":{"line":61,"column":5}},"34":{"start":{"line":60,"column":8},"end":{"line":60,"column":34}},"35":{"start":{"line":63,"column":17},"end":{"line":63,"column":134}},"36":{"start":{"line":65,"column":4},"end":{"line":67,"column":5}},"37":{"start":{"line":66,"column":8},"end":{"line":66,"column":76}},"38":{"start":{"line":69,"column":4},"end":{"line":69,"column":38}},"39":{"start":{"line":73,"column":0},"end":{"line":89,"column":3}},"40":{"start":{"line":74,"column":25},"end":{"line":74,"column":35}},"41":{"start":{"line":75,"column":31},"end":{"line":75,"column":39}},"42":{"start":{"line":76,"column":4},"end":{"line":76,"column":50}},"43":{"start":{"line":77,"column":4},"end":{"line":79,"column":5}},"44":{"start":{"line":78,"column":8},"end":{"line":78,"column":85}},"45":{"start":{"line":81,"column":17},"end":{"line":81,"column":56}},"46":{"start":{"line":82,"column":4},"end":{"line":84,"column":5}},"47":{"start":{"line":83,"column":8},"end":{"line":83,"column":67}},"48":{"start":{"line":86,"column":17},"end":{"line":86,"column":93}},"49":{"start":{"line":88,"column":4},"end":{"line":88,"column":31}},"50":{"start":{"line":92,"column":0},"end":{"line":92,"column":24}}},"fnMap":{"0":{"name":"(anonymous_0)","decl":{"start":{"line":11,"column":59},"end":{"line":11,"column":60}},"loc":{"start":{"line":11,"column":79},"end":{"line":24,"column":1}},"line":11},"1":{"name":"(anonymous_1)","decl":{"start":{"line":27,"column":16},"end":{"line":27,"column":17}},"loc":{"start":{"line":27,"column":36},"end":{"line":31,"column":1}},"line":27},"2":{"name":"(anonymous_2)","decl":{"start":{"line":34,"column":44},"end":{"line":34,"column":45}},"loc":{"start":{"line":34,"column":64},"end":{"line":39,"column":1}},"line":34},"3":{"name":"(anonymous_3)","decl":{"start":{"line":42,"column":44},"end":{"line":42,"column":45}},"loc":{"start":{"line":42,"column":64},"end":{"line":70,"column":1}},"line":42},"4":{"name":"(anonymous_4)","decl":{"start":{"line":73,"column":60},"end":{"line":73,"column":61}},"loc":{"start":{"line":73,"column":80},"end":{"line":89,"column":1}},"line":73}},"branchMap":{"0":{"loc":{"start":{"line":16,"column":4},"end":{"line":18,"column":5}},"type":"if","locations":[{"start":{"line":16,"column":4},"end":{"line":18,"column":5}},{"start":{},"end":{}}],"line":16},"1":{"loc":{"start":{"line":48,"column":4},"end":{"line":51,"column":5}},"type":"if","locations":[{"start":{"line":48,"column":4},"end":{"line":51,"column":5}},{"start":{},"end":{}}],"line":48},"2":{"loc":{"start":{"line":54,"column":4},"end":{"line":57,"column":5}},"type":"if","locations":[{"start":{"line":54,"column":4},"end":{"line":57,"column":5}},{"start":{},"end":{}}],"line":54},"3":{"loc":{"start":{"line":59,"column":4},"end":{"line":61,"column":5}},"type":"if","locations":[{"start":{"line":59,"column":4},"end":{"line":61,"column":5}},{"start":{},"end":{}}],"line":59},"4":{"loc":{"start":{"line":65,"column":4},"end":{"line":67,"column":5}},"type":"if","locations":[{"start":{"line":65,"column":4},"end":{"line":67,"column":5}},{"start":{},"end":{}}],"line":65},"5":{"loc":{"start":{"line":77,"column":4},"end":{"line":79,"column":5}},"type":"if","locations":[{"start":{"line":77,"column":4},"end":{"line":79,"column":5}},{"start":{},"end":{}}],"line":77},"6":{"loc":{"start":{"line":82,"column":4},"end":{"line":84,"column":5}},"type":"if","locations":[{"start":{"line":82,"column":4},"end":{"line":84,"column":5}},{"start":{},"end":{}}],"line":82}},"s":{"0":1,"1":1,"2":1,"3":1,"4":1,"5":1,"6":1,"7":1,"8":0,"9":0,"10":0,"11":0,"12":0,"13":0,"14":1,"15":0,"16":0,"17":1,"18":0,"19":0,"20":0,"21":1,"22":0,"23":0,"24":0,"25":0,"26":0,"27":0,"28":0,"29":0,"30":0,"31":0,"32":0,"33":0,"34":0,"35":0,"36":0,"37":0,"38":0,"39":1,"40":0,"41":0,"42":0,"43":0,"44":0,"45":0,"46":0,"47":0,"48":0,"49":0,"50":1},"f":{"0":0,"1":0,"2":0,"3":0,"4":0},"b":{"0":[0,0],"1":[0,0],"2":[0,0],"3":[0,0],"4":[0,0],"5":[0,0],"6":[0,0]},"_coverageSchema":"1a1c01bbd47fc00a2c39e90264f33305004495a9","hash":"72d23a697e6e078dce489b26ea2684f5604ece3f"}
,"/Users/jeffreyju/Documents/Coding_Project/revature/foundation_project/backend/middleware/loginMiddleware.js": {"path":"/Users/jeffreyju/Documents/Coding_Project/revature/foundation_project/backend/middleware/loginMiddleware.js","statementMap":{"0":{"start":{"line":1,"column":15},"end":{"line":1,"column":32}},"1":{"start":{"line":2,"column":24},"end":{"line":2,"column":61}},"2":{"start":{"line":6,"column":21},"end":{"line":6,"column":29}},"3":{"start":{"line":8,"column":4},"end":{"line":12,"column":5}},"4":{"start":{"line":9,"column":8},"end":{"line":11,"column":11}},"5":{"start":{"line":14,"column":28},"end":{"line":14,"column":60}},"6":{"start":{"line":15,"column":4},"end":{"line":19,"column":5}},"7":{"start":{"line":16,"column":8},"end":{"line":18,"column":11}},"8":{"start":{"line":21,"column":30},"end":{"line":21,"column":62}},"9":{"start":{"line":22,"column":4},"end":{"line":26,"column":5}},"10":{"start":{"line":23,"column":8},"end":{"line":25,"column":11}},"11":{"start":{"line":28,"column":4},"end":{"line":28,"column":11}},"12":{"start":{"line":33,"column":4},"end":{"line":33,"column":43}},"13":{"start":{"line":37,"column":17},"end":{"line":37,"column":61}},"14":{"start":{"line":39,"column":4},"end":{"line":41,"column":5}},"15":{"start":{"line":40,"column":8},"end":{"line":40,"column":21}},"16":{"start":{"line":43,"column":4},"end":{"line":43,"column":16}},"17":{"start":{"line":47,"column":17},"end":{"line":47,"column":61}},"18":{"start":{"line":49,"column":4},"end":{"line":54,"column":5}},"19":{"start":{"line":50,"column":8},"end":{"line":50,"column":20}},"20":{"start":{"line":53,"column":8},"end":{"line":53,"column":21}},"21":{"start":{"line":57,"column":0},"end":{"line":57,"column":41}}},"fnMap":{"0":{"name":"validateLoginMiddleware","decl":{"start":{"line":5,"column":15},"end":{"line":5,"column":38}},"loc":{"start":{"line":5,"column":54},"end":{"line":29,"column":1}},"line":5},"1":{"name":"validateLogin","decl":{"start":{"line":32,"column":15},"end":{"line":32,"column":28}},"loc":{"start":{"line":32,"column":34},"end":{"line":34,"column":1}},"line":32},"2":{"name":"validateUsername","decl":{"start":{"line":36,"column":15},"end":{"line":36,"column":31}},"loc":{"start":{"line":36,"column":37},"end":{"line":44,"column":1}},"line":36},"3":{"name":"validatePassword","decl":{"start":{"line":46,"column":15},"end":{"line":46,"column":31}},"loc":{"start":{"line":46,"column":37},"end":{"line":55,"column":1}},"line":46}},"branchMap":{"0":{"loc":{"start":{"line":8,"column":4},"end":{"line":12,"column":5}},"type":"if","locations":[{"start":{"line":8,"column":4},"end":{"line":12,"column":5}},{"start":{},"end":{}}],"line":8},"1":{"loc":{"start":{"line":15,"column":4},"end":{"line":19,"column":5}},"type":"if","locations":[{"start":{"line":15,"column":4},"end":{"line":19,"column":5}},{"start":{},"end":{}}],"line":15},"2":{"loc":{"start":{"line":22,"column":4},"end":{"line":26,"column":5}},"type":"if","locations":[{"start":{"line":22,"column":4},"end":{"line":26,"column":5}},{"start":{},"end":{}}],"line":22},"3":{"loc":{"start":{"line":33,"column":12},"end":{"line":33,"column":42}},"type":"binary-expr","locations":[{"start":{"line":33,"column":12},"end":{"line":33,"column":25}},{"start":{"line":33,"column":29},"end":{"line":33,"column":42}}],"line":33},"4":{"loc":{"start":{"line":39,"column":4},"end":{"line":41,"column":5}},"type":"if","locations":[{"start":{"line":39,"column":4},"end":{"line":41,"column":5}},{"start":{},"end":{}}],"line":39},"5":{"loc":{"start":{"line":49,"column":4},"end":{"line":54,"column":5}},"type":"if","locations":[{"start":{"line":49,"column":4},"end":{"line":54,"column":5}},{"start":{"line":52,"column":8},"end":{"line":54,"column":5}}],"line":49},"6":{"loc":{"start":{"line":49,"column":7},"end":{"line":49,"column":67}},"type":"binary-expr","locations":[{"start":{"line":49,"column":7},"end":{"line":49,"column":11}},{"start":{"line":49,"column":16},"end":{"line":49,"column":66}}],"line":49}},"s":{"0":1,"1":1,"2":57,"3":57,"4":0,"5":57,"6":57,"7":1,"8":56,"9":56,"10":19,"11":37,"12":57,"13":57,"14":57,"15":1,"16":56,"17":56,"18":56,"19":37,"20":19,"21":1},"f":{"0":57,"1":57,"2":57,"3":56},"b":{"0":[0,57],"1":[1,56],"2":[19,37],"3":[57,57],"4":[1,56],"5":[37,19],"6":[56,56]},"_coverageSchema":"1a1c01bbd47fc00a2c39e90264f33305004495a9","hash":"e665b26acac9ae7957ff717da0e942de845c774e"}
,"/Users/jeffreyju/Documents/Coding_Project/revature/foundation_project/backend/middleware/registerMiddleware.js": {"path":"/Users/jeffreyju/Documents/Coding_Project/revature/foundation_project/backend/middleware/registerMiddleware.js","statementMap":{"0":{"start":{"line":1,"column":24},"end":{"line":1,"column":61}},"1":{"start":{"line":5,"column":21},"end":{"line":5,"column":29}},"2":{"start":{"line":7,"column":4},"end":{"line":11,"column":5}},"3":{"start":{"line":8,"column":8},"end":{"line":10,"column":11}},"4":{"start":{"line":13,"column":28},"end":{"line":13,"column":76}},"5":{"start":{"line":14,"column":4},"end":{"line":18,"column":5}},"6":{"start":{"line":15,"column":8},"end":{"line":17,"column":11}},"7":{"start":{"line":20,"column":4},"end":{"line":24,"column":5}},"8":{"start":{"line":21,"column":8},"end":{"line":23,"column":11}},"9":{"start":{"line":26,"column":4},"end":{"line":26,"column":11}},"10":{"start":{"line":31,"column":4},"end":{"line":31,"column":43}},"11":{"start":{"line":34,"column":0},"end":{"line":34,"column":44}}},"fnMap":{"0":{"name":"validateRegisterMiddleware","decl":{"start":{"line":4,"column":15},"end":{"line":4,"column":41}},"loc":{"start":{"line":4,"column":57},"end":{"line":27,"column":1}},"line":4},"1":{"name":"validateRegister","decl":{"start":{"line":30,"column":15},"end":{"line":30,"column":31}},"loc":{"start":{"line":30,"column":37},"end":{"line":32,"column":1}},"line":30}},"branchMap":{"0":{"loc":{"start":{"line":7,"column":4},"end":{"line":11,"column":5}},"type":"if","locations":[{"start":{"line":7,"column":4},"end":{"line":11,"column":5}},{"start":{},"end":{}}],"line":7},"1":{"loc":{"start":{"line":14,"column":4},"end":{"line":18,"column":5}},"type":"if","locations":[{"start":{"line":14,"column":4},"end":{"line":18,"column":5}},{"start":{},"end":{}}],"line":14},"2":{"loc":{"start":{"line":20,"column":4},"end":{"line":24,"column":5}},"type":"if","locations":[{"start":{"line":20,"column":4},"end":{"line":24,"column":5}},{"start":{},"end":{}}],"line":20},"3":{"loc":{"start":{"line":31,"column":12},"end":{"line":31,"column":42}},"type":"binary-expr","locations":[{"start":{"line":31,"column":12},"end":{"line":31,"column":25}},{"start":{"line":31,"column":29},"end":{"line":31,"column":42}}],"line":31}},"s":{"0":1,"1":4,"2":4,"3":0,"4":4,"5":4,"6":3,"7":1,"8":0,"9":1,"10":4,"11":1},"f":{"0":4,"1":4},"b":{"0":[0,4],"1":[3,1],"2":[0,1],"3":[4,3]},"_coverageSchema":"1a1c01bbd47fc00a2c39e90264f33305004495a9","hash":"0f5d6f20a46c6608917dca9ec545c63abf382c63"}
,"/Users/jeffreyju/Documents/Coding_Project/revature/foundation_project/backend/middleware/ticketMiddleware.js": {"path":"/Users/jeffreyju/Documents/Coding_Project/revature/foundation_project/backend/middleware/ticketMiddleware.js","statementMap":{"0":{"start":{"line":2,"column":21},"end":{"line":2,"column":29}},"1":{"start":{"line":5,"column":4},"end":{"line":9,"column":5}},"2":{"start":{"line":6,"column":8},"end":{"line":8,"column":11}},"3":{"start":{"line":11,"column":4},"end":{"line":15,"column":5}},"4":{"start":{"line":12,"column":8},"end":{"line":14,"column":11}},"5":{"start":{"line":17,"column":4},"end":{"line":21,"column":5}},"6":{"start":{"line":18,"column":8},"end":{"line":20,"column":11}},"7":{"start":{"line":23,"column":4},"end":{"line":23,"column":11}},"8":{"start":{"line":27,"column":0},"end":{"line":27,"column":42}}},"fnMap":{"0":{"name":"validateTicketMiddleware","decl":{"start":{"line":1,"column":15},"end":{"line":1,"column":39}},"loc":{"start":{"line":1,"column":55},"end":{"line":24,"column":1}},"line":1}},"branchMap":{"0":{"loc":{"start":{"line":5,"column":4},"end":{"line":9,"column":5}},"type":"if","locations":[{"start":{"line":5,"column":4},"end":{"line":9,"column":5}},{"start":{},"end":{}}],"line":5},"1":{"loc":{"start":{"line":11,"column":4},"end":{"line":15,"column":5}},"type":"if","locations":[{"start":{"line":11,"column":4},"end":{"line":15,"column":5}},{"start":{},"end":{}}],"line":11},"2":{"loc":{"start":{"line":17,"column":4},"end":{"line":21,"column":5}},"type":"if","locations":[{"start":{"line":17,"column":4},"end":{"line":21,"column":5}},{"start":{},"end":{}}],"line":17}},"s":{"0":5,"1":5,"2":1,"3":4,"4":1,"5":3,"6":1,"7":2,"8":1},"f":{"0":5},"b":{"0":[1,4],"1":[1,3],"2":[1,2]},"_coverageSchema":"1a1c01bbd47fc00a2c39e90264f33305004495a9","hash":"4c59259638b97f9effcda63fb8b5fbc99132000f"}
,"/Users/jeffreyju/Documents/Coding_Project/revature/foundation_project/backend/middleware/userMiddleware.js": {"path":"/Users/jeffreyju/Documents/Coding_Project/revature/foundation_project/backend/middleware/userMiddleware.js","statementMap":{"0":{"start":{"line":2,"column":21},"end":{"line":2,"column":29}},"1":{"start":{"line":4,"column":4},"end":{"line":8,"column":5}},"2":{"start":{"line":5,"column":8},"end":{"line":7,"column":11}},"3":{"start":{"line":10,"column":4},"end":{"line":14,"column":5}},"4":{"start":{"line":11,"column":8},"end":{"line":13,"column":11}},"5":{"start":{"line":16,"column":4},"end":{"line":16,"column":11}},"6":{"start":{"line":20,"column":0},"end":{"line":20,"column":40}}},"fnMap":{"0":{"name":"validateUserMiddleware","decl":{"start":{"line":1,"column":15},"end":{"line":1,"column":37}},"loc":{"start":{"line":1,"column":53},"end":{"line":17,"column":1}},"line":1}},"branchMap":{"0":{"loc":{"start":{"line":4,"column":4},"end":{"line":8,"column":5}},"type":"if","locations":[{"start":{"line":4,"column":4},"end":{"line":8,"column":5}},{"start":{},"end":{}}],"line":4},"1":{"loc":{"start":{"line":10,"column":4},"end":{"line":14,"column":5}},"type":"if","locations":[{"start":{"line":10,"column":4},"end":{"line":14,"column":5}},{"start":{},"end":{}}],"line":10}},"s":{"0":0,"1":0,"2":0,"3":0,"4":0,"5":0,"6":1},"f":{"0":0},"b":{"0":[0,0],"1":[0,0]},"_coverageSchema":"1a1c01bbd47fc00a2c39e90264f33305004495a9","hash":"074545b488b254c54232db2afc3ce3a29222e68f"}
,"/Users/jeffreyju/Documents/Coding_Project/revature/foundation_project/backend/repository/employeeDAO.js": {"path":"/Users/jeffreyju/Documents/Coding_Project/revature/foundation_project/backend/repository/employeeDAO.js","statementMap":{"0":{"start":{"line":1,"column":27},"end":{"line":1,"column":62}},"1":{"start":{"line":2,"column":89},"end":{"line":2,"column":121}},"2":{"start":{"line":3,"column":12},"end":{"line":3,"column":30}},"3":{"start":{"line":4,"column":0},"end":{"line":4,"column":27}},"4":{"start":{"line":6,"column":15},"end":{"line":12,"column":2}},"5":{"start":{"line":14,"column":23},"end":{"line":14,"column":58}},"6":{"start":{"line":17,"column":20},"end":{"line":27,"column":6}},"7":{"start":{"line":29,"column":4},"end":{"line":36,"column":5}},"8":{"start":{"line":30,"column":8},"end":{"line":30,"column":43}},"9":{"start":{"line":31,"column":8},"end":{"line":31,"column":20}},"10":{"start":{"line":34,"column":8},"end":{"line":34,"column":27}},"11":{"start":{"line":35,"column":8},"end":{"line":35,"column":20}},"12":{"start":{"line":40,"column":20},"end":{"line":46,"column":6}},"13":{"start":{"line":48,"column":4},"end":{"line":55,"column":5}},"14":{"start":{"line":49,"column":23},"end":{"line":49,"column":57}},"15":{"start":{"line":50,"column":8},"end":{"line":50,"column":22}},"16":{"start":{"line":53,"column":8},"end":{"line":53,"column":27}},"17":{"start":{"line":54,"column":8},"end":{"line":54,"column":20}},"18":{"start":{"line":59,"column":20},"end":{"line":61,"column":6}},"19":{"start":{"line":63,"column":4},"end":{"line":71,"column":5}},"20":{"start":{"line":64,"column":23},"end":{"line":64,"column":57}},"21":{"start":{"line":65,"column":8},"end":{"line":65,"column":28}},"22":{"start":{"line":66,"column":8},"end":{"line":66,"column":28}},"23":{"start":{"line":69,"column":8},"end":{"line":69,"column":25}},"24":{"start":{"line":70,"column":8},"end":{"line":70,"column":20}},"25":{"start":{"line":75,"column":19},"end":{"line":82,"column":7}},"26":{"start":{"line":84,"column":6},"end":{"line":97,"column":7}},"27":{"start":{"line":85,"column":23},"end":{"line":85,"column":74}},"28":{"start":{"line":87,"column":8},"end":{"line":92,"column":9}},"29":{"start":{"line":88,"column":12},"end":{"line":88,"column":35}},"30":{"start":{"line":91,"column":12},"end":{"line":91,"column":24}},"31":{"start":{"line":95,"column":8},"end":{"line":95,"column":48}},"32":{"start":{"line":96,"column":8},"end":{"line":96,"column":20}},"33":{"start":{"line":101,"column":17},"end":{"line":101,"column":43}},"34":{"start":{"line":103,"column":4},"end":{"line":106,"column":5}},"35":{"start":{"line":104,"column":8},"end":{"line":104,"column":47}},"36":{"start":{"line":105,"column":8},"end":{"line":105,"column":52}},"37":{"start":{"line":108,"column":20},"end":{"line":115,"column":6}},"38":{"start":{"line":117,"column":4},"end":{"line":125,"column":5}},"39":{"start":{"line":118,"column":23},"end":{"line":118,"column":57}},"40":{"start":{"line":119,"column":8},"end":{"line":119,"column":40}},"41":{"start":{"line":120,"column":8},"end":{"line":120,"column":22}},"42":{"start":{"line":123,"column":8},"end":{"line":123,"column":27}},"43":{"start":{"line":124,"column":8},"end":{"line":124,"column":20}},"44":{"start":{"line":130,"column":4},"end":{"line":130,"column":61}},"45":{"start":{"line":131,"column":20},"end":{"line":137,"column":6}},"46":{"start":{"line":139,"column":4},"end":{"line":147,"column":5}},"47":{"start":{"line":140,"column":23},"end":{"line":140,"column":57}},"48":{"start":{"line":141,"column":8},"end":{"line":141,"column":57}},"49":{"start":{"line":142,"column":8},"end":{"line":142,"column":22}},"50":{"start":{"line":145,"column":8},"end":{"line":145,"column":27}},"51":{"start":{"line":146,"column":8},"end":{"line":146,"column":20}},"52":{"start":{"line":151,"column":0},"end":{"line":151,"column":122}}},"fnMap":{"0":{"name":"registerEmployee","decl":{"start":{"line":16,"column":15},"end":{"line":16,"column":31}},"loc":{"start":{"line":16,"column":37},"end":{"line":37,"column":1}},"line":16},"1":{"name":"updateEmployeeRole","decl":{"start":{"line":39,"column":15},"end":{"line":39,"column":33}},"loc":{"start":{"line":39,"column":46},"end":{"line":56,"column":1}},"line":39},"2":{"name":"getAllEmployee","decl":{"start":{"line":58,"column":15},"end":{"line":58,"column":29}},"loc":{"start":{"line":58,"column":31},"end":{"line":72,"column":1}},"line":58},"3":{"name":"getUser","decl":{"start":{"line":74,"column":15},"end":{"line":74,"column":22}},"loc":{"start":{"line":74,"column":32},"end":{"line":98,"column":1}},"line":74},"4":{"name":"editUserProfile","decl":{"start":{"line":100,"column":15},"end":{"line":100,"column":30}},"loc":{"start":{"line":100,"column":87},"end":{"line":126,"column":1}},"line":100},"5":{"name":"updateProfilePicture","decl":{"start":{"line":129,"column":15},"end":{"line":129,"column":35}},"loc":{"start":{"line":129,"column":58},"end":{"line":148,"column":1}},"line":129}},"branchMap":{"0":{"loc":{"start":{"line":87,"column":8},"end":{"line":92,"column":9}},"type":"if","locations":[{"start":{"line":87,"column":8},"end":{"line":92,"column":9}},{"start":{"line":90,"column":12},"end":{"line":92,"column":9}}],"line":87},"1":{"loc":{"start":{"line":87,"column":12},"end":{"line":87,"column":51}},"type":"binary-expr","locations":[{"start":{"line":87,"column":12},"end":{"line":87,"column":24}},{"start":{"line":87,"column":28},"end":{"line":87,"column":51}}],"line":87},"2":{"loc":{"start":{"line":103,"column":4},"end":{"line":106,"column":5}},"type":"if","locations":[{"start":{"line":103,"column":4},"end":{"line":106,"column":5}},{"start":{},"end":{}}],"line":103},"3":{"loc":{"start":{"line":103,"column":7},"end":{"line":103,"column":25}},"type":"binary-expr","locations":[{"start":{"line":103,"column":7},"end":{"line":103,"column":11}},{"start":{"line":103,"column":15},"end":{"line":103,"column":25}}],"line":103}},"s":{"0":1,"1":1,"2":1,"3":1,"4":1,"5":1,"6":1,"7":1,"8":1,"9":0,"10":1,"11":1,"12":0,"13":0,"14":0,"15":0,"16":0,"17":0,"18":0,"19":0,"20":0,"21":0,"22":0,"23":0,"24":0,"25":154,"26":154,"27":154,"28":153,"29":153,"30":0,"31":1,"32":1,"33":0,"34":0,"35":0,"36":0,"37":0,"38":0,"39":0,"40":0,"41":0,"42":0,"43":0,"44":0,"45":0,"46":0,"47":0,"48":0,"49":0,"50":0,"51":0,"52":1},"f":{"0":1,"1":0,"2":0,"3":154,"4":0,"5":0},"b":{"0":[153,0],"1":[153,0],"2":[0,0],"3":[0,0]},"_coverageSchema":"1a1c01bbd47fc00a2c39e90264f33305004495a9","hash":"fbc798619ec16dc25746b05d2fbe12f14c39ce18"}
,"/Users/jeffreyju/Documents/Coding_Project/revature/foundation_project/backend/repository/ticketDAO.js": {"path":"/Users/jeffreyju/Documents/Coding_Project/revature/foundation_project/backend/repository/ticketDAO.js","statementMap":{"0":{"start":{"line":1,"column":27},"end":{"line":1,"column":62}},"1":{"start":{"line":2,"column":103},"end":{"line":2,"column":135}},"2":{"start":{"line":3,"column":12},"end":{"line":3,"column":30}},"3":{"start":{"line":4,"column":0},"end":{"line":4,"column":27}},"4":{"start":{"line":6,"column":15},"end":{"line":12,"column":2}},"5":{"start":{"line":14,"column":23},"end":{"line":14,"column":58}},"6":{"start":{"line":17,"column":20},"end":{"line":29,"column":6}},"7":{"start":{"line":31,"column":4},"end":{"line":38,"column":5}},"8":{"start":{"line":32,"column":8},"end":{"line":32,"column":43}},"9":{"start":{"line":33,"column":8},"end":{"line":33,"column":22}},"10":{"start":{"line":36,"column":8},"end":{"line":36,"column":27}},"11":{"start":{"line":37,"column":8},"end":{"line":37,"column":20}},"12":{"start":{"line":43,"column":19},"end":{"line":53,"column":5}},"13":{"start":{"line":55,"column":4},"end":{"line":63,"column":5}},"14":{"start":{"line":56,"column":23},"end":{"line":56,"column":74}},"15":{"start":{"line":58,"column":8},"end":{"line":58,"column":28}},"16":{"start":{"line":61,"column":8},"end":{"line":61,"column":27}},"17":{"start":{"line":62,"column":8},"end":{"line":62,"column":20}},"18":{"start":{"line":68,"column":20},"end":{"line":71,"column":6}},"19":{"start":{"line":73,"column":4},"end":{"line":79,"column":5}},"20":{"start":{"line":74,"column":23},"end":{"line":74,"column":57}},"21":{"start":{"line":75,"column":8},"end":{"line":75,"column":22}},"22":{"start":{"line":78,"column":8},"end":{"line":78,"column":27}},"23":{"start":{"line":83,"column":19},"end":{"line":83,"column":42}},"24":{"start":{"line":86,"column":4},"end":{"line":89,"column":5}},"25":{"start":{"line":87,"column":8},"end":{"line":87,"column":41}},"26":{"start":{"line":88,"column":8},"end":{"line":88,"column":20}},"27":{"start":{"line":91,"column":4},"end":{"line":94,"column":5}},"28":{"start":{"line":92,"column":8},"end":{"line":92,"column":60}},"29":{"start":{"line":93,"column":8},"end":{"line":93,"column":20}},"30":{"start":{"line":96,"column":20},"end":{"line":109,"column":6}},"31":{"start":{"line":111,"column":4},"end":{"line":118,"column":5}},"32":{"start":{"line":112,"column":23},"end":{"line":112,"column":57}},"33":{"start":{"line":113,"column":8},"end":{"line":113,"column":22}},"34":{"start":{"line":116,"column":8},"end":{"line":116,"column":27}},"35":{"start":{"line":117,"column":8},"end":{"line":117,"column":20}},"36":{"start":{"line":174,"column":19},"end":{"line":184,"column":5}},"37":{"start":{"line":186,"column":4},"end":{"line":194,"column":5}},"38":{"start":{"line":187,"column":23},"end":{"line":187,"column":74}},"39":{"start":{"line":189,"column":8},"end":{"line":189,"column":22}},"40":{"start":{"line":192,"column":8},"end":{"line":192,"column":27}},"41":{"start":{"line":193,"column":8},"end":{"line":193,"column":20}},"42":{"start":{"line":198,"column":28},"end":{"line":198,"column":56}},"43":{"start":{"line":200,"column":20},"end":{"line":200,"column":41}},"44":{"start":{"line":202,"column":19},"end":{"line":202,"column":78}},"45":{"start":{"line":202,"column":48},"end":{"line":202,"column":76}},"46":{"start":{"line":204,"column":4},"end":{"line":204,"column":42}},"47":{"start":{"line":205,"column":4},"end":{"line":205,"column":18}},"48":{"start":{"line":210,"column":4},"end":{"line":210,"column":36}},"49":{"start":{"line":211,"column":19},"end":{"line":220,"column":5}},"50":{"start":{"line":222,"column":4},"end":{"line":229,"column":5}},"51":{"start":{"line":223,"column":23},"end":{"line":223,"column":74}},"52":{"start":{"line":224,"column":8},"end":{"line":224,"column":36}},"53":{"start":{"line":227,"column":8},"end":{"line":227,"column":27}},"54":{"start":{"line":228,"column":8},"end":{"line":228,"column":20}},"55":{"start":{"line":231,"column":0},"end":{"line":231,"column":124}}},"fnMap":{"0":{"name":"submitTicket","decl":{"start":{"line":16,"column":15},"end":{"line":16,"column":27}},"loc":{"start":{"line":16,"column":35},"end":{"line":39,"column":1}},"line":16},"1":{"name":"getPendingTickets","decl":{"start":{"line":42,"column":15},"end":{"line":42,"column":32}},"loc":{"start":{"line":42,"column":34},"end":{"line":64,"column":1}},"line":42},"2":{"name":"getTicketById","decl":{"start":{"line":67,"column":15},"end":{"line":67,"column":28}},"loc":{"start":{"line":67,"column":32},"end":{"line":80,"column":1}},"line":67},"3":{"name":"updateTicketStatus","decl":{"start":{"line":82,"column":15},"end":{"line":82,"column":33}},"loc":{"start":{"line":82,"column":61},"end":{"line":170,"column":1}},"line":82},"4":{"name":"getEmployeeTickets","decl":{"start":{"line":172,"column":15},"end":{"line":172,"column":33}},"loc":{"start":{"line":172,"column":37},"end":{"line":195,"column":1}},"line":172},"5":{"name":"getTicketsByType","decl":{"start":{"line":197,"column":15},"end":{"line":197,"column":31}},"loc":{"start":{"line":197,"column":47},"end":{"line":206,"column":1}},"line":197},"6":{"name":"(anonymous_6)","decl":{"start":{"line":202,"column":34},"end":{"line":202,"column":35}},"loc":{"start":{"line":202,"column":47},"end":{"line":202,"column":77}},"line":202},"7":{"name":"getUserRole","decl":{"start":{"line":209,"column":15},"end":{"line":209,"column":26}},"loc":{"start":{"line":209,"column":30},"end":{"line":230,"column":1}},"line":209}},"branchMap":{"0":{"loc":{"start":{"line":86,"column":4},"end":{"line":89,"column":5}},"type":"if","locations":[{"start":{"line":86,"column":4},"end":{"line":89,"column":5}},{"start":{},"end":{}}],"line":86},"1":{"loc":{"start":{"line":91,"column":4},"end":{"line":94,"column":5}},"type":"if","locations":[{"start":{"line":91,"column":4},"end":{"line":94,"column":5}},{"start":{},"end":{}}],"line":91}},"s":{"0":1,"1":1,"2":1,"3":1,"4":1,"5":1,"6":1,"7":1,"8":1,"9":1,"10":0,"11":0,"12":1,"13":1,"14":1,"15":1,"16":0,"17":0,"18":3,"19":3,"20":3,"21":3,"22":0,"23":3,"24":3,"25":3,"26":3,"27":0,"28":0,"29":0,"30":0,"31":0,"32":0,"33":0,"34":0,"35":0,"36":0,"37":0,"38":0,"39":0,"40":0,"41":0,"42":0,"43":0,"44":0,"45":0,"46":0,"47":0,"48":4,"49":4,"50":4,"51":4,"52":4,"53":0,"54":0,"55":1},"f":{"0":1,"1":1,"2":3,"3":3,"4":0,"5":0,"6":0,"7":4},"b":{"0":[3,0],"1":[0,0]},"_coverageSchema":"1a1c01bbd47fc00a2c39e90264f33305004495a9","hash":"e2a1e05be80a42a57baa8498e02177c4b857402c"}
,"/Users/jeffreyju/Documents/Coding_Project/revature/foundation_project/backend/service/employeeService.js": {"path":"/Users/jeffreyju/Documents/Coding_Project/revature/foundation_project/backend/service/employeeService.js","statementMap":{"0":{"start":{"line":1,"column":20},"end":{"line":1,"column":56}},"1":{"start":{"line":2,"column":15},"end":{"line":2,"column":32}},"2":{"start":{"line":6,"column":23},"end":{"line":6,"column":25}},"3":{"start":{"line":7,"column":27},"end":{"line":7,"column":66}},"4":{"start":{"line":9,"column":19},"end":{"line":9,"column":103}},"5":{"start":{"line":11,"column":4},"end":{"line":13,"column":5}},"6":{"start":{"line":12,"column":8},"end":{"line":12,"column":21}},"7":{"start":{"line":15,"column":4},"end":{"line":15,"column":70}},"8":{"start":{"line":20,"column":19},"end":{"line":20,"column":54}},"9":{"start":{"line":22,"column":4},"end":{"line":24,"column":5}},"10":{"start":{"line":23,"column":6},"end":{"line":23,"column":18}},"11":{"start":{"line":26,"column":4},"end":{"line":26,"column":18}},"12":{"start":{"line":30,"column":19},"end":{"line":30,"column":68}},"13":{"start":{"line":32,"column":4},"end":{"line":34,"column":5}},"14":{"start":{"line":33,"column":8},"end":{"line":33,"column":21}},"15":{"start":{"line":36,"column":4},"end":{"line":36,"column":18}},"16":{"start":{"line":40,"column":19},"end":{"line":40,"column":53}},"17":{"start":{"line":42,"column":4},"end":{"line":42,"column":18}},"18":{"start":{"line":48,"column":2},"end":{"line":54,"column":3}},"19":{"start":{"line":49,"column":23},"end":{"line":49,"column":25}},"20":{"start":{"line":50,"column":4},"end":{"line":50,"column":64}},"21":{"start":{"line":53,"column":4},"end":{"line":53,"column":33}},"22":{"start":{"line":56,"column":17},"end":{"line":56,"column":107}},"23":{"start":{"line":58,"column":2},"end":{"line":60,"column":3}},"24":{"start":{"line":59,"column":4},"end":{"line":59,"column":48}},"25":{"start":{"line":62,"column":2},"end":{"line":62,"column":16}},"26":{"start":{"line":67,"column":17},"end":{"line":67,"column":78}},"27":{"start":{"line":69,"column":2},"end":{"line":69,"column":16}},"28":{"start":{"line":73,"column":0},"end":{"line":73,"column":122}}},"fnMap":{"0":{"name":"registerEmployee","decl":{"start":{"line":5,"column":15},"end":{"line":5,"column":31}},"loc":{"start":{"line":5,"column":75},"end":{"line":16,"column":1}},"line":5},"1":{"name":"getUser","decl":{"start":{"line":19,"column":15},"end":{"line":19,"column":22}},"loc":{"start":{"line":19,"column":32},"end":{"line":27,"column":1}},"line":19},"2":{"name":"updateEmployeeRole","decl":{"start":{"line":29,"column":15},"end":{"line":29,"column":33}},"loc":{"start":{"line":29,"column":46},"end":{"line":37,"column":1}},"line":29},"3":{"name":"getAllEmployee","decl":{"start":{"line":39,"column":15},"end":{"line":39,"column":29}},"loc":{"start":{"line":39,"column":31},"end":{"line":43,"column":1}},"line":39},"4":{"name":"editUserProfile","decl":{"start":{"line":45,"column":15},"end":{"line":45,"column":30}},"loc":{"start":{"line":45,"column":96},"end":{"line":63,"column":1}},"line":45},"5":{"name":"updateProfilePicture","decl":{"start":{"line":66,"column":15},"end":{"line":66,"column":35}},"loc":{"start":{"line":66,"column":58},"end":{"line":70,"column":1}},"line":66}},"branchMap":{"0":{"loc":{"start":{"line":11,"column":4},"end":{"line":13,"column":5}},"type":"if","locations":[{"start":{"line":11,"column":4},"end":{"line":13,"column":5}},{"start":{},"end":{}}],"line":11},"1":{"loc":{"start":{"line":22,"column":4},"end":{"line":24,"column":5}},"type":"if","locations":[{"start":{"line":22,"column":4},"end":{"line":24,"column":5}},{"start":{},"end":{}}],"line":22},"2":{"loc":{"start":{"line":32,"column":4},"end":{"line":34,"column":5}},"type":"if","locations":[{"start":{"line":32,"column":4},"end":{"line":34,"column":5}},{"start":{},"end":{}}],"line":32},"3":{"loc":{"start":{"line":48,"column":2},"end":{"line":54,"column":3}},"type":"if","locations":[{"start":{"line":48,"column":2},"end":{"line":54,"column":3}},{"start":{"line":52,"column":6},"end":{"line":54,"column":3}}],"line":48},"4":{"loc":{"start":{"line":58,"column":2},"end":{"line":60,"column":3}},"type":"if","locations":[{"start":{"line":58,"column":2},"end":{"line":60,"column":3}},{"start":{},"end":{}}],"line":58}},"s":{"0":1,"1":1,"2":1,"3":1,"4":1,"5":1,"6":1,"7":0,"8":154,"9":154,"10":2,"11":152,"12":0,"13":0,"14":0,"15":0,"16":0,"17":0,"18":0,"19":0,"20":0,"21":0,"22":0,"23":0,"24":0,"25":0,"26":0,"27":0,"28":1},"f":{"0":1,"1":154,"2":0,"3":0,"4":0,"5":0},"b":{"0":[1,0],"1":[2,152],"2":[0,0],"3":[0,0],"4":[0,0]},"_coverageSchema":"1a1c01bbd47fc00a2c39e90264f33305004495a9","hash":"270d2df98102eb1230bfc86d598c35797a26c7dc"}
,"/Users/jeffreyju/Documents/Coding_Project/revature/foundation_project/backend/service/ticketService.js": {"path":"/Users/jeffreyju/Documents/Coding_Project/revature/foundation_project/backend/service/ticketService.js","statementMap":{"0":{"start":{"line":1,"column":18},"end":{"line":1,"column":52}},"1":{"start":{"line":2,"column":27},"end":{"line":2,"column":62}},"2":{"start":{"line":3,"column":88},"end":{"line":3,"column":120}},"3":{"start":{"line":4,"column":12},"end":{"line":4,"column":30}},"4":{"start":{"line":5,"column":0},"end":{"line":5,"column":27}},"5":{"start":{"line":7,"column":15},"end":{"line":13,"column":2}},"6":{"start":{"line":15,"column":23},"end":{"line":15,"column":58}},"7":{"start":{"line":20,"column":19},"end":{"line":20,"column":102}},"8":{"start":{"line":22,"column":4},"end":{"line":24,"column":5}},"9":{"start":{"line":23,"column":8},"end":{"line":23,"column":52}},"10":{"start":{"line":26,"column":4},"end":{"line":26,"column":70}},"11":{"start":{"line":30,"column":19},"end":{"line":30,"column":54}},"12":{"start":{"line":32,"column":4},"end":{"line":34,"column":5}},"13":{"start":{"line":33,"column":8},"end":{"line":33,"column":52}},"14":{"start":{"line":36,"column":4},"end":{"line":36,"column":20}},"15":{"start":{"line":41,"column":19},"end":{"line":41,"column":50}},"16":{"start":{"line":43,"column":4},"end":{"line":45,"column":5}},"17":{"start":{"line":44,"column":8},"end":{"line":44,"column":20}},"18":{"start":{"line":47,"column":4},"end":{"line":47,"column":18}},"19":{"start":{"line":52,"column":19},"end":{"line":52,"column":80}},"20":{"start":{"line":54,"column":4},"end":{"line":56,"column":5}},"21":{"start":{"line":55,"column":8},"end":{"line":55,"column":20}},"22":{"start":{"line":58,"column":4},"end":{"line":58,"column":16}},"23":{"start":{"line":62,"column":19},"end":{"line":62,"column":57}},"24":{"start":{"line":64,"column":4},"end":{"line":66,"column":5}},"25":{"start":{"line":65,"column":8},"end":{"line":65,"column":21}},"26":{"start":{"line":68,"column":4},"end":{"line":68,"column":18}},"27":{"start":{"line":72,"column":19},"end":{"line":72,"column":61}},"28":{"start":{"line":74,"column":4},"end":{"line":76,"column":5}},"29":{"start":{"line":75,"column":8},"end":{"line":75,"column":21}},"30":{"start":{"line":78,"column":4},"end":{"line":78,"column":18}},"31":{"start":{"line":81,"column":0},"end":{"line":81,"column":144}}},"fnMap":{"0":{"name":"submitTicket","decl":{"start":{"line":18,"column":15},"end":{"line":18,"column":27}},"loc":{"start":{"line":18,"column":82},"end":{"line":27,"column":1}},"line":18},"1":{"name":"getPendingTickets","decl":{"start":{"line":29,"column":15},"end":{"line":29,"column":32}},"loc":{"start":{"line":29,"column":34},"end":{"line":37,"column":1}},"line":29},"2":{"name":"getUserRole","decl":{"start":{"line":40,"column":15},"end":{"line":40,"column":26}},"loc":{"start":{"line":40,"column":30},"end":{"line":48,"column":1}},"line":40},"3":{"name":"updateTicketStatus","decl":{"start":{"line":51,"column":15},"end":{"line":51,"column":33}},"loc":{"start":{"line":51,"column":60},"end":{"line":59,"column":1}},"line":51},"4":{"name":"getEmployeeTickets","decl":{"start":{"line":61,"column":15},"end":{"line":61,"column":33}},"loc":{"start":{"line":61,"column":37},"end":{"line":69,"column":1}},"line":61},"5":{"name":"getTicketsByType","decl":{"start":{"line":71,"column":15},"end":{"line":71,"column":31}},"loc":{"start":{"line":71,"column":41},"end":{"line":79,"column":1}},"line":71}},"branchMap":{"0":{"loc":{"start":{"line":22,"column":4},"end":{"line":24,"column":5}},"type":"if","locations":[{"start":{"line":22,"column":4},"end":{"line":24,"column":5}},{"start":{},"end":{}}],"line":22},"1":{"loc":{"start":{"line":32,"column":4},"end":{"line":34,"column":5}},"type":"if","locations":[{"start":{"line":32,"column":4},"end":{"line":34,"column":5}},{"start":{},"end":{}}],"line":32},"2":{"loc":{"start":{"line":43,"column":4},"end":{"line":45,"column":5}},"type":"if","locations":[{"start":{"line":43,"column":4},"end":{"line":45,"column":5}},{"start":{},"end":{}}],"line":43},"3":{"loc":{"start":{"line":54,"column":4},"end":{"line":56,"column":5}},"type":"if","locations":[{"start":{"line":54,"column":4},"end":{"line":56,"column":5}},{"start":{},"end":{}}],"line":54},"4":{"loc":{"start":{"line":64,"column":4},"end":{"line":66,"column":5}},"type":"if","locations":[{"start":{"line":64,"column":4},"end":{"line":66,"column":5}},{"start":{},"end":{}}],"line":64},"5":{"loc":{"start":{"line":74,"column":4},"end":{"line":76,"column":5}},"type":"if","locations":[{"start":{"line":74,"column":4},"end":{"line":76,"column":5}},{"start":{},"end":{}}],"line":74}},"s":{"0":1,"1":1,"2":1,"3":1,"4":1,"5":1,"6":1,"7":1,"8":1,"9":0,"10":1,"11":1,"12":1,"13":0,"14":1,"15":4,"16":4,"17":0,"18":4,"19":3,"20":3,"21":3,"22":0,"23":0,"24":0,"25":0,"26":0,"27":0,"28":0,"29":0,"30":0,"31":1},"f":{"0":1,"1":1,"2":4,"3":3,"4":0,"5":0},"b":{"0":[0,1],"1":[0,1],"2":[0,4],"3":[3,0],"4":[0,0],"5":[0,0]},"_coverageSchema":"1a1c01bbd47fc00a2c39e90264f33305004495a9","hash":"e026e2e0157407cf4abbaeac203f77e896fff3f0"}
,"/Users/jeffreyju/Documents/Coding_Project/revature/foundation_project/backend/util/jwt.js": {"path":"/Users/jeffreyju/Documents/Coding_Project/revature/foundation_project/backend/util/jwt.js","statementMap":{"0":{"start":{"line":1,"column":12},"end":{"line":1,"column":35}},"1":{"start":{"line":3,"column":18},"end":{"line":3,"column":33}},"2":{"start":{"line":8,"column":23},"end":{"line":8,"column":51}},"3":{"start":{"line":9,"column":18},"end":{"line":9,"column":56}},"4":{"start":{"line":11,"column":4},"end":{"line":11,"column":42}},"5":{"start":{"line":13,"column":4},"end":{"line":22,"column":5}},"6":{"start":{"line":14,"column":8},"end":{"line":14,"column":67}},"7":{"start":{"line":16,"column":21},"end":{"line":16,"column":43}},"8":{"start":{"line":17,"column":8},"end":{"line":19,"column":9}},"9":{"start":{"line":18,"column":12},"end":{"line":18,"column":69}},"10":{"start":{"line":20,"column":8},"end":{"line":20,"column":24}},"11":{"start":{"line":21,"column":8},"end":{"line":21,"column":15}},"12":{"start":{"line":26,"column":4},"end":{"line":31,"column":5}},"13":{"start":{"line":27,"column":8},"end":{"line":27,"column":44}},"14":{"start":{"line":29,"column":8},"end":{"line":29,"column":27}},"15":{"start":{"line":30,"column":8},"end":{"line":30,"column":20}},"16":{"start":{"line":34,"column":0},"end":{"line":34,"column":34}}},"fnMap":{"0":{"name":"authenticateToken","decl":{"start":{"line":5,"column":15},"end":{"line":5,"column":32}},"loc":{"start":{"line":5,"column":48},"end":{"line":23,"column":1}},"line":5},"1":{"name":"decodeJWT","decl":{"start":{"line":25,"column":15},"end":{"line":25,"column":24}},"loc":{"start":{"line":25,"column":31},"end":{"line":32,"column":1}},"line":25}},"branchMap":{"0":{"loc":{"start":{"line":9,"column":18},"end":{"line":9,"column":56}},"type":"binary-expr","locations":[{"start":{"line":9,"column":18},"end":{"line":9,"column":28}},{"start":{"line":9,"column":32},"end":{"line":9,"column":56}}],"line":9},"1":{"loc":{"start":{"line":13,"column":4},"end":{"line":22,"column":5}},"type":"if","locations":[{"start":{"line":13,"column":4},"end":{"line":22,"column":5}},{"start":{"line":15,"column":9},"end":{"line":22,"column":5}}],"line":13},"2":{"loc":{"start":{"line":17,"column":8},"end":{"line":19,"column":9}},"type":"if","locations":[{"start":{"line":17,"column":8},"end":{"line":19,"column":9}},{"start":{},"end":{}}],"line":17}},"s":{"0":1,"1":1,"2":62,"3":62,"4":62,"5":62,"6":1,"7":61,"8":61,"9":20,"10":41,"11":41,"12":61,"13":61,"14":20,"15":20,"16":1},"f":{"0":62,"1":61},"b":{"0":[62,61],"1":[1,61],"2":[20,41]},"_coverageSchema":"1a1c01bbd47fc00a2c39e90264f33305004495a9","hash":"6fbd9d9b61d29bf1d46f8b606eae6054fd464aa5"}
}
