TN:
SF:index.js
FN:36,(anonymous_0)
FNF:1
FNH:1
FNDA:1,(anonymous_0)
DA:1,1
DA:2,1
DA:3,1
DA:4,1
DA:5,1
DA:6,1
DA:7,1
DA:8,1
DA:9,1
DA:10,1
DA:11,1
DA:12,1
DA:14,1
DA:17,1
DA:18,1
DA:21,1
DA:23,1
DA:25,1
DA:27,1
DA:29,1
DA:36,1
DA:37,1
DA:40,1
LF:23
LH:23
BRF:0
BRH:0
end_of_record
TN:
SF:controller/loginController.js
FN:9,(anonymous_0)
FNF:1
FNH:1
FNDA:37,(anonymous_0)
DA:1,1
DA:2,1
DA:3,1
DA:4,1
DA:5,1
DA:7,1
DA:9,1
DA:10,37
DA:12,37
DA:14,37
DA:16,37
DA:25,37
DA:28,1
LF:13
LH:13
BRF:0
BRH:0
end_of_record
TN:
SF:controller/logoutController.js
FN:6,(anonymous_0)
FNF:1
FNH:1
FNDA:36,(anonymous_0)
DA:1,1
DA:2,1
DA:3,1
DA:6,1
DA:7,36
DA:14,36
DA:17,1
LF:7
LH:7
BRF:0
BRH:0
end_of_record
TN:
SF:controller/registerController.js
FN:8,(anonymous_0)
FNF:1
FNH:1
FNDA:1,(anonymous_0)
DA:1,1
DA:2,1
DA:3,1
DA:4,1
DA:5,1
DA:8,1
DA:10,1
DA:12,1
DA:14,1
DA:16,1
DA:17,1
DA:18,1
DA:21,0
DA:25,1
LF:14
LH:13
BRDA:17,0,0,1
BRDA:17,0,1,0
BRF:2
BRH:1
end_of_record
TN:
SF:controller/ticketController.js
FN:12,(anonymous_0)
FN:27,(anonymous_1)
FN:56,(anonymous_2)
FNF:3
FNH:3
FNDA:1,(anonymous_0)
FNDA:1,(anonymous_1)
FNDA:3,(anonymous_2)
DA:1,1
DA:2,1
DA:3,1
DA:4,1
DA:5,1
DA:6,1
DA:7,1
DA:8,1
DA:12,1
DA:14,1
DA:19,1
DA:21,1
DA:23,1
DA:27,1
DA:28,1
DA:29,1
DA:31,1
DA:33,1
DA:35,1
DA:36,0
DA:39,1
DA:41,1
DA:44,0
DA:45,0
DA:47,0
DA:51,0
DA:52,0
DA:56,1
DA:57,3
DA:58,3
DA:62,3
DA:64,3
DA:65,0
DA:68,3
DA:72,3
DA:73,3
DA:76,0
DA:80,1
LF:38
LH:30
BRDA:31,0,0,1
BRDA:31,0,1,0
BRDA:35,1,0,0
BRDA:35,1,1,1
BRDA:44,2,0,0
BRDA:44,2,1,0
BRDA:64,3,0,0
BRDA:64,3,1,3
BRDA:72,4,0,3
BRDA:72,4,1,0
BRF:10
BRH:4
end_of_record
TN:
SF:controller/userController.js
FN:11,(anonymous_0)
FN:27,(anonymous_1)
FN:34,(anonymous_2)
FN:42,(anonymous_3)
FN:73,(anonymous_4)
FNF:5
FNH:0
FNDA:0,(anonymous_0)
FNDA:0,(anonymous_1)
FNDA:0,(anonymous_2)
FNDA:0,(anonymous_3)
FNDA:0,(anonymous_4)
DA:1,1
DA:2,1
DA:3,1
DA:4,1
DA:5,1
DA:6,1
DA:7,1
DA:11,1
DA:12,0
DA:14,0
DA:16,0
DA:17,0
DA:21,0
DA:23,0
DA:27,1
DA:28,0
DA:30,0
DA:34,1
DA:35,0
DA:36,0
DA:38,0
DA:42,1
DA:43,0
DA:44,0
DA:45,0
DA:47,0
DA:48,0
DA:49,0
DA:50,0
DA:53,0
DA:54,0
DA:55,0
DA:56,0
DA:59,0
DA:60,0
DA:63,0
DA:65,0
DA:66,0
DA:69,0
DA:73,1
DA:74,0
DA:75,0
DA:76,0
DA:77,0
DA:78,0
DA:81,0
DA:82,0
DA:83,0
DA:86,0
DA:88,0
DA:92,1
LF:51
LH:13
BRDA:16,0,0,0
BRDA:16,0,1,0
BRDA:48,1,0,0
BRDA:48,1,1,0
BRDA:54,2,0,0
BRDA:54,2,1,0
BRDA:59,3,0,0
BRDA:59,3,1,0
BRDA:65,4,0,0
BRDA:65,4,1,0
BRDA:77,5,0,0
BRDA:77,5,1,0
BRDA:82,6,0,0
BRDA:82,6,1,0
BRF:14
BRH:0
end_of_record
TN:
SF:middleware/loginMiddleware.js
FN:5,validateLoginMiddleware
FN:32,validateLogin
FN:36,validateUsername
FN:46,validatePassword
FNF:4
FNH:4
FNDA:57,validateLoginMiddleware
FNDA:57,validateLogin
FNDA:57,validateUsername
FNDA:56,validatePassword
DA:1,1
DA:2,1
DA:6,57
DA:8,57
DA:9,0
DA:14,57
DA:15,57
DA:16,1
DA:21,56
DA:22,56
DA:23,19
DA:28,37
DA:33,57
DA:37,57
DA:39,57
DA:40,1
DA:43,56
DA:47,56
DA:49,56
DA:50,37
DA:53,19
DA:57,1
LF:22
LH:21
BRDA:8,0,0,0
BRDA:8,0,1,57
BRDA:15,1,0,1
BRDA:15,1,1,56
BRDA:22,2,0,19
BRDA:22,2,1,37
BRDA:33,3,0,57
BRDA:33,3,1,57
BRDA:39,4,0,1
BRDA:39,4,1,56
BRDA:49,5,0,37
BRDA:49,5,1,19
BRDA:49,6,0,56
BRDA:49,6,1,56
BRF:14
BRH:13
end_of_record
TN:
SF:middleware/registerMiddleware.js
FN:4,validateRegisterMiddleware
FN:30,validateRegister
FNF:2
FNH:2
FNDA:4,validateRegisterMiddleware
FNDA:4,validateRegister
DA:1,1
DA:5,4
DA:7,4
DA:8,0
DA:13,4
DA:14,4
DA:15,3
DA:20,1
DA:21,0
DA:26,1
DA:31,4
DA:34,1
LF:12
LH:10
BRDA:7,0,0,0
BRDA:7,0,1,4
BRDA:14,1,0,3
BRDA:14,1,1,1
BRDA:20,2,0,0
BRDA:20,2,1,1
BRDA:31,3,0,4
BRDA:31,3,1,3
BRF:8
BRH:6
end_of_record
TN:
SF:middleware/ticketMiddleware.js
FN:1,validateTicketMiddleware
FNF:1
FNH:1
FNDA:5,validateTicketMiddleware
DA:2,5
DA:5,5
DA:6,1
DA:11,4
DA:12,1
DA:17,3
DA:18,1
DA:23,2
DA:27,1
LF:9
LH:9
BRDA:5,0,0,1
BRDA:5,0,1,4
BRDA:11,1,0,1
BRDA:11,1,1,3
BRDA:17,2,0,1
BRDA:17,2,1,2
BRF:6
BRH:6
end_of_record
TN:
SF:middleware/userMiddleware.js
FN:1,validateUserMiddleware
FNF:1
FNH:0
FNDA:0,validateUserMiddleware
DA:2,0
DA:4,0
DA:5,0
DA:10,0
DA:11,0
DA:16,0
DA:20,1
LF:7
LH:1
BRDA:4,0,0,0
BRDA:4,0,1,0
BRDA:10,1,0,0
BRDA:10,1,1,0
BRF:4
BRH:0
end_of_record
TN:
SF:repository/employeeDAO.js
FN:16,registerEmployee
FN:39,updateEmployeeRole
FN:58,getAllEmployee
FN:74,getUser
FN:100,editUserProfile
FN:129,updateProfilePicture
FNF:6
FNH:2
FNDA:1,registerEmployee
FNDA:0,updateEmployeeRole
FNDA:0,getAllEmployee
FNDA:154,getUser
FNDA:0,editUserProfile
FNDA:0,updateProfilePicture
DA:1,1
DA:2,1
DA:3,1
DA:4,1
DA:6,1
DA:14,1
DA:17,1
DA:29,1
DA:30,1
DA:31,0
DA:34,1
DA:35,1
DA:40,0
DA:48,0
DA:49,0
DA:50,0
DA:53,0
DA:54,0
DA:59,0
DA:63,0
DA:64,0
DA:65,0
DA:66,0
DA:69,0
DA:70,0
DA:75,154
DA:84,154
DA:85,154
DA:87,153
DA:88,153
DA:91,0
DA:95,1
DA:96,1
DA:101,0
DA:103,0
DA:104,0
DA:105,0
DA:108,0
DA:117,0
DA:118,0
DA:119,0
DA:120,0
DA:123,0
DA:124,0
DA:130,0
DA:131,0
DA:139,0
DA:140,0
DA:141,0
DA:142,0
DA:145,0
DA:146,0
DA:151,1
LF:53
LH:19
BRDA:87,0,0,153
BRDA:87,0,1,0
BRDA:87,1,0,153
BRDA:87,1,1,0
BRDA:103,2,0,0
BRDA:103,2,1,0
BRDA:103,3,0,0
BRDA:103,3,1,0
BRF:8
BRH:2
end_of_record
TN:
SF:repository/ticketDAO.js
FN:16,submitTicket
FN:42,getPendingTickets
FN:67,getTicketById
FN:82,updateTicketStatus
FN:172,getEmployeeTickets
FN:197,getTicketsByType
FN:202,(anonymous_6)
FN:209,getUserRole
FNF:8
FNH:5
FNDA:1,submitTicket
FNDA:1,getPendingTickets
FNDA:3,getTicketById
FNDA:3,updateTicketStatus
FNDA:0,getEmployeeTickets
FNDA:0,getTicketsByType
FNDA:0,(anonymous_6)
FNDA:4,getUserRole
DA:1,1
DA:2,1
DA:3,1
DA:4,1
DA:6,1
DA:14,1
DA:17,1
DA:31,1
DA:32,1
DA:33,1
DA:36,0
DA:37,0
DA:43,1
DA:55,1
DA:56,1
DA:58,1
DA:61,0
DA:62,0
DA:68,3
DA:73,3
DA:74,3
DA:75,3
DA:78,0
DA:83,3
DA:86,3
DA:87,3
DA:88,3
DA:91,0
DA:92,0
DA:93,0
DA:96,0
DA:111,0
DA:112,0
DA:113,0
DA:116,0
DA:117,0
DA:174,0
DA:186,0
DA:187,0
DA:189,0
DA:192,0
DA:193,0
DA:198,0
DA:200,0
DA:202,0
DA:204,0
DA:205,0
DA:210,4
DA:211,4
DA:222,4
DA:223,4
DA:224,4
DA:227,0
DA:228,0
DA:231,1
LF:55
LH:28
BRDA:86,0,0,3
BRDA:86,0,1,0
BRDA:91,1,0,0
BRDA:91,1,1,0
BRF:4
BRH:1
end_of_record
TN:
SF:service/employeeService.js
FN:5,registerEmployee
FN:19,getUser
FN:29,updateEmployeeRole
FN:39,getAllEmployee
FN:45,editUserProfile
FN:66,updateProfilePicture
FNF:6
FNH:2
FNDA:1,registerEmployee
FNDA:154,getUser
FNDA:0,updateEmployeeRole
FNDA:0,getAllEmployee
FNDA:0,editUserProfile
FNDA:0,updateProfilePicture
DA:1,1
DA:2,1
DA:6,1
DA:7,1
DA:9,1
DA:11,1
DA:12,1
DA:15,0
DA:20,154
DA:22,154
DA:23,2
DA:26,152
DA:30,0
DA:32,0
DA:33,0
DA:36,0
DA:40,0
DA:42,0
DA:48,0
DA:49,0
DA:50,0
DA:53,0
DA:56,0
DA:58,0
DA:59,0
DA:62,0
DA:67,0
DA:69,0
DA:73,1
LF:29
LH:12
BRDA:11,0,0,1
BRDA:11,0,1,0
BRDA:22,1,0,2
BRDA:22,1,1,152
BRDA:32,2,0,0
BRDA:32,2,1,0
BRDA:48,3,0,0
BRDA:48,3,1,0
BRDA:58,4,0,0
BRDA:58,4,1,0
BRF:10
BRH:3
end_of_record
TN:
SF:service/ticketService.js
FN:18,submitTicket
FN:29,getPendingTickets
FN:40,getUserRole
FN:51,updateTicketStatus
FN:61,getEmployeeTickets
FN:71,getTicketsByType
FNF:6
FNH:4
FNDA:1,submitTicket
FNDA:1,getPendingTickets
FNDA:4,getUserRole
FNDA:3,updateTicketStatus
FNDA:0,getEmployeeTickets
FNDA:0,getTicketsByType
DA:1,1
DA:2,1
DA:3,1
DA:4,1
DA:5,1
DA:7,1
DA:15,1
DA:20,1
DA:22,1
DA:23,0
DA:26,1
DA:30,1
DA:32,1
DA:33,0
DA:36,1
DA:41,4
DA:43,4
DA:44,0
DA:47,4
DA:52,3
DA:54,3
DA:55,3
DA:58,0
DA:62,0
DA:64,0
DA:65,0
DA:68,0
DA:72,0
DA:74,0
DA:75,0
DA:78,0
DA:81,1
LF:32
LH:20
BRDA:22,0,0,0
BRDA:22,0,1,1
BRDA:32,1,0,0
BRDA:32,1,1,1
BRDA:43,2,0,0
BRDA:43,2,1,4
BRDA:54,3,0,3
BRDA:54,3,1,0
BRDA:64,4,0,0
BRDA:64,4,1,0
BRDA:74,5,0,0
BRDA:74,5,1,0
BRF:12
BRH:4
end_of_record
TN:
SF:util/jwt.js
FN:5,authenticateToken
FN:25,decodeJWT
FNF:2
FNH:2
FNDA:62,authenticateToken
FNDA:61,decodeJWT
DA:1,1
DA:3,1
DA:8,62
DA:9,62
DA:11,62
DA:13,62
DA:14,1
DA:16,61
DA:17,61
DA:18,20
DA:20,41
DA:21,41
DA:26,61
DA:27,61
DA:29,20
DA:30,20
DA:34,1
LF:17
LH:17
BRDA:9,0,0,62
BRDA:9,0,1,61
BRDA:13,1,0,1
BRDA:13,1,1,61
BRDA:17,2,0,20
BRDA:17,2,1,41
BRF:6
BRH:6
end_of_record
